[{"line":1,"elements":[{"start_timestamp":"2024-10-18T10:59:45.865Z","line":4,"name":"Valid user is able to log in with valid credentials","description":"","id":"user-login-to-sauce-labs-demo-app;valid-user-is-able-to-log-in-with-valid-credentials","type":"scenario","keyword":"Scenario","steps":[{"result":{"duration":4824924700,"status":"passed"},"line":5,"name":"the user is on the Sauce Labs Demo App login page","match":{"location":"stepdefinitions.LoginStepDefinitions.givenUserIsOnLoginPage()"},"keyword":"Given "},{"result":{"error_message":"org.openqa.selenium.NoSuchElementException: no such element: Unable to locate element: {\"method\":\"css selector\",\"selector\":\"#standard_user\"}\n  (Session info: chrome=129.0.6668.101)\nFor documentation on this error, please visit: https://selenium.dev/exceptions/#no_such_element\nBuild info: version: '4.5.0', revision: 'fe167b119a'\nSystem info: os.name: 'Windows 10', os.arch: 'amd64', os.version: '10.0', java.version: '22.0.2'\nDriver info: org.openqa.selenium.chrome.ChromeDriver\nCommand: [88ca04381448b9428530a8810882c760, findElement {using=id, value=standard_user}]\nCapabilities {acceptInsecureCerts: false, browserName: chrome, browserVersion: 129.0.6668.101, chrome: {chromedriverVersion: 129.0.6668.100 (cf58cba358d..., userDataDir: C:\\Windows\\SystemTemp\\scope...}, fedcm:accounts: true, goog:chromeOptions: {debuggerAddress: localhost:56027}, networkConnectionEnabled: false, pageLoadStrategy: normal, platformName: WINDOWS, proxy: Proxy(), se:cdp: ws://localhost:56027/devtoo..., se:cdpVersion: 129.0.6668.101, setWindowRect: true, strictFileInteractability: false, timeouts: {implicit: 0, pageLoad: 300000, script: 30000}, unhandledPromptBehavior: dismiss and notify, webauthn:extension:credBlob: true, webauthn:extension:largeBlob: true, webauthn:extension:minPinLength: true, webauthn:extension:prf: true, webauthn:virtualAuthenticators: true}\nSession ID: 88ca04381448b9428530a8810882c760\r\n\tat java.base/jdk.internal.reflect.DirectConstructorHandleAccessor.newInstance(DirectConstructorHandleAccessor.java:62)\r\n\tat java.base/java.lang.reflect.Constructor.newInstanceWithCaller(Constructor.java:502)\r\n\tat java.base/java.lang.reflect.Constructor.newInstance(Constructor.java:486)\r\n\tat org.openqa.selenium.remote.codec.w3c.W3CHttpResponseCodec.createException(W3CHttpResponseCodec.java:200)\r\n\tat org.openqa.selenium.remote.codec.w3c.W3CHttpResponseCodec.decode(W3CHttpResponseCodec.java:133)\r\n\tat org.openqa.selenium.remote.codec.w3c.W3CHttpResponseCodec.decode(W3CHttpResponseCodec.java:53)\r\n\tat org.openqa.selenium.remote.HttpCommandExecutor.execute(HttpCommandExecutor.java:184)\r\n\tat org.openqa.selenium.remote.service.DriverCommandExecutor.invokeExecute(DriverCommandExecutor.java:167)\r\n\tat org.openqa.selenium.remote.service.DriverCommandExecutor.execute(DriverCommandExecutor.java:142)\r\n\tat org.openqa.selenium.remote.RemoteWebDriver.execute(RemoteWebDriver.java:547)\r\n\tat org.openqa.selenium.remote.ElementLocation$ElementFinder$2.findElement(ElementLocation.java:162)\r\n\tat org.openqa.selenium.remote.ElementLocation.findElement(ElementLocation.java:66)\r\n\tat org.openqa.selenium.remote.RemoteWebDriver.findElement(RemoteWebDriver.java:365)\r\n\tat org.openqa.selenium.remote.RemoteWebDriver.findElement(RemoteWebDriver.java:357)\r\n\tat pages.LoginPage.enterUsername(LoginPage.java:31)\r\n\tat stepdefinitions.LoginStepDefinitions.whenUserEntersUsername(LoginStepDefinitions.java:24)\r\n\tat ✽.the user enters a valid username \"standard_user\"(file:///D:/Fifth%20smester/sqe/SQE%20project/sqe_peoject_22F-3360_22F-3664/src/test/resources/features/login.feature:6)\r\n","duration":55766000,"status":"failed"},"line":6,"name":"the user enters a valid username \"standard_user\"","match":{"arguments":[{"val":"standard_user","offset":34}],"location":"stepdefinitions.LoginStepDefinitions.whenUserEntersUsername(java.lang.String)"},"keyword":"When "},{"result":{"status":"skipped"},"line":7,"name":"the user enters a valid password \"secret_sauce\"","match":{"arguments":[{"val":"secret_sauce","offset":34}],"location":"stepdefinitions.LoginStepDefinitions.whenUserEntersPassword(java.lang.String)"},"keyword":"And "},{"result":{"status":"skipped"},"line":8,"name":"clicks the \"LOGIN\" button","match":{},"keyword":"And "},{"result":{"duration":999100,"status":"skipped"},"line":9,"name":"the user should be redirected to the products page","match":{"location":"stepdefinitions.LoginStepDefinitions.thenUserIsRedirectedToProductsPage()"},"keyword":"Then "}]},{"start_timestamp":"2024-10-18T10:59:51.004Z","line":12,"name":"Invalid user is not able to log in with incorrect credentials","description":"","id":"user-login-to-sauce-labs-demo-app;invalid-user-is-not-able-to-log-in-with-incorrect-credentials","type":"scenario","keyword":"Scenario","steps":[{"result":{"duration":97396800,"status":"passed"},"line":13,"name":"the user is on the Sauce Labs Demo App login page","match":{"location":"stepdefinitions.LoginStepDefinitions.givenUserIsOnLoginPage()"},"keyword":"Given "},{"result":{"status":"undefined"},"line":14,"name":"the user enters an invalid username \"invalid_user\"","match":{},"keyword":"When "},{"result":{"duration":730100,"status":"skipped"},"line":15,"name":"the user enters an invalid password \"invalid_pass\"","match":{},"keyword":"And "},{"result":{"duration":993800,"status":"skipped"},"line":16,"name":"clicks the \"LOGIN\" button","match":{},"keyword":"And "},{"result":{"status":"skipped"},"line":17,"name":"an error message \"Username and password do not match\" should be displayed","match":{"arguments":[{"val":"Username and password do not match","offset":18}],"location":"stepdefinitions.LoginStepDefinitions.thenErrorMessageIsDisplayed(java.lang.String)"},"keyword":"Then "}]},{"start_timestamp":"2024-10-18T10:59:51.147Z","line":20,"name":"Error message is displayed when username is empty","description":"","id":"user-login-to-sauce-labs-demo-app;error-message-is-displayed-when-username-is-empty","type":"scenario","keyword":"Scenario","steps":[{"result":{"duration":73801700,"status":"passed"},"line":21,"name":"the user is on the Sauce Labs Demo App login page","match":{"location":"stepdefinitions.LoginStepDefinitions.givenUserIsOnLoginPage()"},"keyword":"Given "},{"result":{"error_message":"org.openqa.selenium.NoSuchElementException: no such element: Unable to locate element: {\"method\":\"css selector\",\"selector\":\"#standard_user\"}\n  (Session info: chrome=129.0.6668.101)\nFor documentation on this error, please visit: https://selenium.dev/exceptions/#no_such_element\nBuild info: version: '4.5.0', revision: 'fe167b119a'\nSystem info: os.name: 'Windows 10', os.arch: 'amd64', os.version: '10.0', java.version: '22.0.2'\nDriver info: org.openqa.selenium.chrome.ChromeDriver\nCommand: [88ca04381448b9428530a8810882c760, findElement {using=id, value=standard_user}]\nCapabilities {acceptInsecureCerts: false, browserName: chrome, browserVersion: 129.0.6668.101, chrome: {chromedriverVersion: 129.0.6668.100 (cf58cba358d..., userDataDir: C:\\Windows\\SystemTemp\\scope...}, fedcm:accounts: true, goog:chromeOptions: {debuggerAddress: localhost:56027}, networkConnectionEnabled: false, pageLoadStrategy: normal, platformName: WINDOWS, proxy: Proxy(), se:cdp: ws://localhost:56027/devtoo..., se:cdpVersion: 129.0.6668.101, setWindowRect: true, strictFileInteractability: false, timeouts: {implicit: 0, pageLoad: 300000, script: 30000}, unhandledPromptBehavior: dismiss and notify, webauthn:extension:credBlob: true, webauthn:extension:largeBlob: true, webauthn:extension:minPinLength: true, webauthn:extension:prf: true, webauthn:virtualAuthenticators: true}\nSession ID: 88ca04381448b9428530a8810882c760\r\n\tat java.base/jdk.internal.reflect.DirectConstructorHandleAccessor.newInstance(DirectConstructorHandleAccessor.java:62)\r\n\tat java.base/java.lang.reflect.Constructor.newInstanceWithCaller(Constructor.java:502)\r\n\tat java.base/java.lang.reflect.Constructor.newInstance(Constructor.java:486)\r\n\tat org.openqa.selenium.remote.codec.w3c.W3CHttpResponseCodec.createException(W3CHttpResponseCodec.java:200)\r\n\tat org.openqa.selenium.remote.codec.w3c.W3CHttpResponseCodec.decode(W3CHttpResponseCodec.java:133)\r\n\tat org.openqa.selenium.remote.codec.w3c.W3CHttpResponseCodec.decode(W3CHttpResponseCodec.java:53)\r\n\tat org.openqa.selenium.remote.HttpCommandExecutor.execute(HttpCommandExecutor.java:184)\r\n\tat org.openqa.selenium.remote.service.DriverCommandExecutor.invokeExecute(DriverCommandExecutor.java:167)\r\n\tat org.openqa.selenium.remote.service.DriverCommandExecutor.execute(DriverCommandExecutor.java:142)\r\n\tat org.openqa.selenium.remote.RemoteWebDriver.execute(RemoteWebDriver.java:547)\r\n\tat org.openqa.selenium.remote.ElementLocation$ElementFinder$2.findElement(ElementLocation.java:162)\r\n\tat org.openqa.selenium.remote.ElementLocation.findElement(ElementLocation.java:60)\r\n\tat org.openqa.selenium.remote.RemoteWebDriver.findElement(RemoteWebDriver.java:365)\r\n\tat org.openqa.selenium.remote.RemoteWebDriver.findElement(RemoteWebDriver.java:357)\r\n\tat pages.LoginPage.enterUsername(LoginPage.java:31)\r\n\tat stepdefinitions.LoginStepDefinitions.whenUserLeavesUsernameEmpty(LoginStepDefinitions.java:51)\r\n\tat ✽.the user leaves the username field empty(file:///D:/Fifth%20smester/sqe/SQE%20project/sqe_peoject_22F-3360_22F-3664/src/test/resources/features/login.feature:22)\r\n","duration":27925700,"status":"failed"},"line":22,"name":"the user leaves the username field empty","match":{"location":"stepdefinitions.LoginStepDefinitions.whenUserLeavesUsernameEmpty()"},"keyword":"When "},{"result":{"duration":997000,"status":"skipped"},"line":23,"name":"the user enters a valid password \"secret_sauce\"","match":{"arguments":[{"val":"secret_sauce","offset":34}],"location":"stepdefinitions.LoginStepDefinitions.whenUserEntersPassword(java.lang.String)"},"keyword":"And "},{"result":{"status":"skipped"},"line":24,"name":"clicks the \"LOGIN\" button","match":{},"keyword":"And "},{"result":{"status":"skipped"},"line":25,"name":"an error message \"Username is required\" should be displayed","match":{"arguments":[{"val":"Username is required","offset":18}],"location":"stepdefinitions.LoginStepDefinitions.thenErrorMessageIsDisplayed(java.lang.String)"},"keyword":"Then "}]},{"start_timestamp":"2024-10-18T10:59:51.285Z","line":28,"name":"Error message is displayed when password is empty","description":"","id":"user-login-to-sauce-labs-demo-app;error-message-is-displayed-when-password-is-empty","type":"scenario","keyword":"Scenario","steps":[{"result":{"duration":73802800,"status":"passed"},"line":29,"name":"the user is on the Sauce Labs Demo App login page","match":{"location":"stepdefinitions.LoginStepDefinitions.givenUserIsOnLoginPage()"},"keyword":"Given "},{"result":{"error_message":"org.openqa.selenium.NoSuchElementException: no such element: Unable to locate element: {\"method\":\"css selector\",\"selector\":\"#standard_user\"}\n  (Session info: chrome=129.0.6668.101)\nFor documentation on this error, please visit: https://selenium.dev/exceptions/#no_such_element\nBuild info: version: '4.5.0', revision: 'fe167b119a'\nSystem info: os.name: 'Windows 10', os.arch: 'amd64', os.version: '10.0', java.version: '22.0.2'\nDriver info: org.openqa.selenium.chrome.ChromeDriver\nCommand: [88ca04381448b9428530a8810882c760, findElement {using=id, value=standard_user}]\nCapabilities {acceptInsecureCerts: false, browserName: chrome, browserVersion: 129.0.6668.101, chrome: {chromedriverVersion: 129.0.6668.100 (cf58cba358d..., userDataDir: C:\\Windows\\SystemTemp\\scope...}, fedcm:accounts: true, goog:chromeOptions: {debuggerAddress: localhost:56027}, networkConnectionEnabled: false, pageLoadStrategy: normal, platformName: WINDOWS, proxy: Proxy(), se:cdp: ws://localhost:56027/devtoo..., se:cdpVersion: 129.0.6668.101, setWindowRect: true, strictFileInteractability: false, timeouts: {implicit: 0, pageLoad: 300000, script: 30000}, unhandledPromptBehavior: dismiss and notify, webauthn:extension:credBlob: true, webauthn:extension:largeBlob: true, webauthn:extension:minPinLength: true, webauthn:extension:prf: true, webauthn:virtualAuthenticators: true}\nSession ID: 88ca04381448b9428530a8810882c760\r\n\tat java.base/jdk.internal.reflect.DirectConstructorHandleAccessor.newInstance(DirectConstructorHandleAccessor.java:62)\r\n\tat java.base/java.lang.reflect.Constructor.newInstanceWithCaller(Constructor.java:502)\r\n\tat java.base/java.lang.reflect.Constructor.newInstance(Constructor.java:486)\r\n\tat org.openqa.selenium.remote.codec.w3c.W3CHttpResponseCodec.createException(W3CHttpResponseCodec.java:200)\r\n\tat org.openqa.selenium.remote.codec.w3c.W3CHttpResponseCodec.decode(W3CHttpResponseCodec.java:133)\r\n\tat org.openqa.selenium.remote.codec.w3c.W3CHttpResponseCodec.decode(W3CHttpResponseCodec.java:53)\r\n\tat org.openqa.selenium.remote.HttpCommandExecutor.execute(HttpCommandExecutor.java:184)\r\n\tat org.openqa.selenium.remote.service.DriverCommandExecutor.invokeExecute(DriverCommandExecutor.java:167)\r\n\tat org.openqa.selenium.remote.service.DriverCommandExecutor.execute(DriverCommandExecutor.java:142)\r\n\tat org.openqa.selenium.remote.RemoteWebDriver.execute(RemoteWebDriver.java:547)\r\n\tat org.openqa.selenium.remote.ElementLocation$ElementFinder$2.findElement(ElementLocation.java:162)\r\n\tat org.openqa.selenium.remote.ElementLocation.findElement(ElementLocation.java:60)\r\n\tat org.openqa.selenium.remote.RemoteWebDriver.findElement(RemoteWebDriver.java:365)\r\n\tat org.openqa.selenium.remote.RemoteWebDriver.findElement(RemoteWebDriver.java:357)\r\n\tat pages.LoginPage.enterUsername(LoginPage.java:31)\r\n\tat stepdefinitions.LoginStepDefinitions.whenUserEntersUsername(LoginStepDefinitions.java:24)\r\n\tat ✽.the user enters a valid username \"standard_user\"(file:///D:/Fifth%20smester/sqe/SQE%20project/sqe_peoject_22F-3360_22F-3664/src/test/resources/features/login.feature:30)\r\n","duration":22935500,"status":"failed"},"line":30,"name":"the user enters a valid username \"standard_user\"","match":{"arguments":[{"val":"standard_user","offset":34}],"location":"stepdefinitions.LoginStepDefinitions.whenUserEntersUsername(java.lang.String)"},"keyword":"When "},{"result":{"duration":1993500,"status":"skipped"},"line":31,"name":"the user leaves the password field empty","match":{"location":"stepdefinitions.LoginStepDefinitions.whenUserLeavesPasswordEmpty()"},"keyword":"And "},{"result":{"status":"skipped"},"line":32,"name":"clicks the \"LOGIN\" button","match":{},"keyword":"And "},{"result":{"status":"skipped"},"line":33,"name":"an error message \"Password is required\" should be displayed","match":{"arguments":[{"val":"Password is required","offset":18}],"location":"stepdefinitions.LoginStepDefinitions.thenErrorMessageIsDisplayed(java.lang.String)"},"keyword":"Then "}]},{"start_timestamp":"2024-10-18T10:59:51.436Z","line":36,"name":"User can log out after logging in","description":"","id":"user-login-to-sauce-labs-demo-app;user-can-log-out-after-logging-in","type":"scenario","keyword":"Scenario","steps":[{"result":{"duration":69808700,"status":"passed"},"line":37,"name":"the user is on the Sauce Labs Demo App login page","match":{"location":"stepdefinitions.LoginStepDefinitions.givenUserIsOnLoginPage()"},"keyword":"Given "},{"result":{"error_message":"org.openqa.selenium.NoSuchElementException: no such element: Unable to locate element: {\"method\":\"css selector\",\"selector\":\"#standard_user\"}\n  (Session info: chrome=129.0.6668.101)\nFor documentation on this error, please visit: https://selenium.dev/exceptions/#no_such_element\nBuild info: version: '4.5.0', revision: 'fe167b119a'\nSystem info: os.name: 'Windows 10', os.arch: 'amd64', os.version: '10.0', java.version: '22.0.2'\nDriver info: org.openqa.selenium.chrome.ChromeDriver\nCommand: [88ca04381448b9428530a8810882c760, findElement {using=id, value=standard_user}]\nCapabilities {acceptInsecureCerts: false, browserName: chrome, browserVersion: 129.0.6668.101, chrome: {chromedriverVersion: 129.0.6668.100 (cf58cba358d..., userDataDir: C:\\Windows\\SystemTemp\\scope...}, fedcm:accounts: true, goog:chromeOptions: {debuggerAddress: localhost:56027}, networkConnectionEnabled: false, pageLoadStrategy: normal, platformName: WINDOWS, proxy: Proxy(), se:cdp: ws://localhost:56027/devtoo..., se:cdpVersion: 129.0.6668.101, setWindowRect: true, strictFileInteractability: false, timeouts: {implicit: 0, pageLoad: 300000, script: 30000}, unhandledPromptBehavior: dismiss and notify, webauthn:extension:credBlob: true, webauthn:extension:largeBlob: true, webauthn:extension:minPinLength: true, webauthn:extension:prf: true, webauthn:virtualAuthenticators: true}\nSession ID: 88ca04381448b9428530a8810882c760\r\n\tat java.base/jdk.internal.reflect.DirectConstructorHandleAccessor.newInstance(DirectConstructorHandleAccessor.java:62)\r\n\tat java.base/java.lang.reflect.Constructor.newInstanceWithCaller(Constructor.java:502)\r\n\tat java.base/java.lang.reflect.Constructor.newInstance(Constructor.java:486)\r\n\tat org.openqa.selenium.remote.codec.w3c.W3CHttpResponseCodec.createException(W3CHttpResponseCodec.java:200)\r\n\tat org.openqa.selenium.remote.codec.w3c.W3CHttpResponseCodec.decode(W3CHttpResponseCodec.java:133)\r\n\tat org.openqa.selenium.remote.codec.w3c.W3CHttpResponseCodec.decode(W3CHttpResponseCodec.java:53)\r\n\tat org.openqa.selenium.remote.HttpCommandExecutor.execute(HttpCommandExecutor.java:184)\r\n\tat org.openqa.selenium.remote.service.DriverCommandExecutor.invokeExecute(DriverCommandExecutor.java:167)\r\n\tat org.openqa.selenium.remote.service.DriverCommandExecutor.execute(DriverCommandExecutor.java:142)\r\n\tat org.openqa.selenium.remote.RemoteWebDriver.execute(RemoteWebDriver.java:547)\r\n\tat org.openqa.selenium.remote.ElementLocation$ElementFinder$2.findElement(ElementLocation.java:162)\r\n\tat org.openqa.selenium.remote.ElementLocation.findElement(ElementLocation.java:60)\r\n\tat org.openqa.selenium.remote.RemoteWebDriver.findElement(RemoteWebDriver.java:365)\r\n\tat org.openqa.selenium.remote.RemoteWebDriver.findElement(RemoteWebDriver.java:357)\r\n\tat pages.LoginPage.enterUsername(LoginPage.java:31)\r\n\tat stepdefinitions.LoginStepDefinitions.whenUserEntersUsername(LoginStepDefinitions.java:24)\r\n\tat ✽.the user enters a valid username \"standard_user\"(file:///D:/Fifth%20smester/sqe/SQE%20project/sqe_peoject_22F-3360_22F-3664/src/test/resources/features/login.feature:38)\r\n","duration":20942000,"status":"failed"},"line":38,"name":"the user enters a valid username \"standard_user\"","match":{"arguments":[{"val":"standard_user","offset":34}],"location":"stepdefinitions.LoginStepDefinitions.whenUserEntersUsername(java.lang.String)"},"keyword":"When "},{"result":{"status":"skipped"},"line":39,"name":"the user enters a valid password \"secret_sauce\"","match":{"arguments":[{"val":"secret_sauce","offset":34}],"location":"stepdefinitions.LoginStepDefinitions.whenUserEntersPassword(java.lang.String)"},"keyword":"And "},{"result":{"status":"skipped"},"line":40,"name":"clicks the \"LOGIN\" button","match":{},"keyword":"And "},{"result":{"status":"skipped"},"line":41,"name":"the user should be redirected to the products page","match":{"location":"stepdefinitions.LoginStepDefinitions.thenUserIsRedirectedToProductsPage()"},"keyword":"Then "},{"result":{"status":"skipped"},"line":42,"name":"the user clicks on the menu icon","match":{"location":"stepdefinitions.LoginStepDefinitions.whenUserClicksMenuIcon()"},"keyword":"When "},{"result":{"status":"skipped"},"line":43,"name":"the user selects the \"Logout\" option","match":{"arguments":[{"val":"Logout","offset":22}],"location":"stepdefinitions.LoginStepDefinitions.whenUserSelectsLogoutOption(java.lang.String)"},"keyword":"And "},{"result":{"duration":996300,"status":"skipped"},"line":44,"name":"the user should be redirected to the login page","match":{"location":"stepdefinitions.LoginStepDefinitions.thenUserIsRedirectedToLoginPage()"},"keyword":"Then "}]}],"name":"User Login to Sauce Labs Demo App","description":"","id":"user-login-to-sauce-labs-demo-app","keyword":"Feature","uri":"file:src/test/resources/features/login.feature","tags":[]}]